<?xml version="1.0" encoding="UTF-8"?>
<testsuite xmlns:xsi="http://www.w3.org/2001/XMLSchema-instance" xsi:schemaLocation="https://maven.apache.org/surefire/maven-surefire-plugin/xsd/surefire-test-report.xsd" name="GadgetsTest" time="0.041" tests="17" errors="17" skipped="0" failures="0">
  <properties>
    <property name="java.runtime.name" value="OpenJDK Runtime Environment"/>
    <property name="java.vm.version" value="18.0.2+0"/>
    <property name="sun.boot.library.path" value="/opt/homebrew/Cellar/openjdk/18.0.2/libexec/openjdk.jdk/Contents/Home/lib"/>
    <property name="maven.multiModuleProjectDirectory" value="/Users/kim/Documents/TechTonic/marshalsec"/>
    <property name="java.vm.vendor" value="Homebrew"/>
    <property name="java.vendor.url" value="https://github.com/Homebrew/homebrew-core/issues"/>
    <property name="guice.disable.misplaced.annotation.check" value="true"/>
    <property name="path.separator" value=":"/>
    <property name="java.vm.name" value="OpenJDK 64-Bit Server VM"/>
    <property name="user.country" value="AU"/>
    <property name="sun.java.launcher" value="SUN_STANDARD"/>
    <property name="java.vm.specification.name" value="Java Virtual Machine Specification"/>
    <property name="user.dir" value="/Users/kim/Documents/TechTonic/marshalsec"/>
    <property name="java.vm.compressedOopsMode" value="Zero based"/>
    <property name="java.runtime.version" value="18.0.2+0"/>
    <property name="os.arch" value="aarch64"/>
    <property name="java.io.tmpdir" value="/var/folders/38/6dqkvj817p5g_617c4p73sbc0000gq/T/"/>
    <property name="line.separator" value="&#10;"/>
    <property name="java.vm.specification.vendor" value="Oracle Corporation"/>
    <property name="os.name" value="Mac OS X"/>
    <property name="classworlds.conf" value="/opt/homebrew/Cellar/maven/3.8.6/libexec/bin/m2.conf"/>
    <property name="sun.jnu.encoding" value="UTF-8"/>
    <property name="java.library.path" value="/Users/kim/Library/Java/Extensions:/Library/Java/Extensions:/Network/Library/Java/Extensions:/System/Library/Java/Extensions:/usr/lib/java:."/>
    <property name="maven.conf" value="/opt/homebrew/Cellar/maven/3.8.6/libexec/conf"/>
    <property name="jdk.debug" value="release"/>
    <property name="java.class.version" value="62.0"/>
    <property name="java.specification.name" value="Java Platform API Specification"/>
    <property name="sun.management.compiler" value="HotSpot 64-Bit Tiered Compilers"/>
    <property name="os.version" value="12.2.1"/>
    <property name="library.jansi.path" value="/opt/homebrew/Cellar/maven/3.8.6/libexec/lib/jansi-native"/>
    <property name="user.home" value="/Users/kim"/>
    <property name="user.timezone" value="Australia/Perth"/>
    <property name="file.encoding" value="UTF-8"/>
    <property name="java.specification.version" value="18"/>
    <property name="user.name" value="kim"/>
    <property name="java.class.path" value="/opt/homebrew/Cellar/maven/3.8.6/libexec/boot/plexus-classworlds-2.6.0.jar"/>
    <property name="java.vm.specification.version" value="18"/>
    <property name="sun.arch.data.model" value="64"/>
    <property name="sun.java.command" value="org.codehaus.plexus.classworlds.launcher.Launcher clean package"/>
    <property name="java.home" value="/opt/homebrew/Cellar/openjdk/18.0.2/libexec/openjdk.jdk/Contents/Home"/>
    <property name="apple.awt.application.name" value="Launcher"/>
    <property name="user.language" value="en"/>
    <property name="java.specification.vendor" value="Oracle Corporation"/>
    <property name="java.vm.info" value="mixed mode, sharing"/>
    <property name="java.version" value="18.0.2"/>
    <property name="native.encoding" value="UTF-8"/>
    <property name="java.vendor" value="Homebrew"/>
    <property name="sun.stderr.encoding" value="UTF-8"/>
    <property name="maven.home" value="/opt/homebrew/Cellar/maven/3.8.6/libexec"/>
    <property name="file.separator" value="/"/>
    <property name="java.version.date" value="2022-07-19"/>
    <property name="java.vendor.url.bug" value="https://github.com/Homebrew/homebrew-core/issues"/>
    <property name="sun.io.unicode.encoding" value="UnicodeBig"/>
    <property name="sun.cpu.endian" value="little"/>
    <property name="java.vendor.version" value="Homebrew"/>
    <property name="sun.stdout.encoding" value="UTF-8"/>
  </properties>
  <testcase name="jackson" classname="GadgetsTest" time="0.009">
    <error message="The Security Manager is deprecated and will be removed in a future release" type="java.lang.UnsupportedOperationException">java.lang.UnsupportedOperationException: The Security Manager is deprecated and will be removed in a future release
	at GadgetsTest.runTests(GadgetsTest.java:162)
	at GadgetsTest.jackson(GadgetsTest.java:97)
</error>
    <system-err><![CDATA[Java version is Homebrew 18.0.2
]]></system-err>
  </testcase>
  <testcase name="xstream" classname="GadgetsTest" time="0.001">
    <error message="The Security Manager is deprecated and will be removed in a future release" type="java.lang.UnsupportedOperationException">java.lang.UnsupportedOperationException: The Security Manager is deprecated and will be removed in a future release
	at GadgetsTest.runTests(GadgetsTest.java:162)
	at GadgetsTest.xstream(GadgetsTest.java:151)
</error>
  </testcase>
  <testcase name="burlap" classname="GadgetsTest" time="0.003">
    <error message="The Security Manager is deprecated and will be removed in a future release" type="java.lang.UnsupportedOperationException">java.lang.UnsupportedOperationException: The Security Manager is deprecated and will be removed in a future release
	at GadgetsTest.runTests(GadgetsTest.java:162)
	at GadgetsTest.burlap(GadgetsTest.java:85)
</error>
  </testcase>
  <testcase name="yamlbeans" classname="GadgetsTest" time="0">
    <error message="The Security Manager is deprecated and will be removed in a future release" type="java.lang.UnsupportedOperationException">java.lang.UnsupportedOperationException: The Security Manager is deprecated and will be removed in a future release
	at GadgetsTest.runTests(GadgetsTest.java:162)
	at GadgetsTest.yamlbeans(GadgetsTest.java:157)
</error>
  </testcase>
  <testcase name="jsonio" classname="GadgetsTest" time="0.001">
    <error message="The Security Manager is deprecated and will be removed in a future release" type="java.lang.UnsupportedOperationException">java.lang.UnsupportedOperationException: The Security Manager is deprecated and will be removed in a future release
	at GadgetsTest.runTests(GadgetsTest.java:162)
	at GadgetsTest.jsonio(GadgetsTest.java:109)
</error>
  </testcase>
  <testcase name="red5AMF0" classname="GadgetsTest" time="0.001">
    <error message="The Security Manager is deprecated and will be removed in a future release" type="java.lang.UnsupportedOperationException">java.lang.UnsupportedOperationException: The Security Manager is deprecated and will be removed in a future release
	at GadgetsTest.runTests(GadgetsTest.java:162)
	at GadgetsTest.red5AMF0(GadgetsTest.java:133)
</error>
  </testcase>
  <testcase name="red5AMF3" classname="GadgetsTest" time="0.002">
    <error message="The Security Manager is deprecated and will be removed in a future release" type="java.lang.UnsupportedOperationException">java.lang.UnsupportedOperationException: The Security Manager is deprecated and will be removed in a future release
	at GadgetsTest.runTests(GadgetsTest.java:162)
	at GadgetsTest.red5AMF3(GadgetsTest.java:139)
</error>
  </testcase>
  <testcase name="kryoAlt" classname="GadgetsTest" time="0.001">
    <error message="The Security Manager is deprecated and will be removed in a future release" type="java.lang.UnsupportedOperationException">java.lang.UnsupportedOperationException: The Security Manager is deprecated and will be removed in a future release
	at GadgetsTest.runTests(GadgetsTest.java:162)
	at GadgetsTest.kryoAlt(GadgetsTest.java:127)
</error>
  </testcase>
  <testcase name="java" classname="GadgetsTest" time="0">
    <error message="The Security Manager is deprecated and will be removed in a future release" type="java.lang.UnsupportedOperationException">java.lang.UnsupportedOperationException: The Security Manager is deprecated and will be removed in a future release
	at GadgetsTest.runTests(GadgetsTest.java:162)
	at GadgetsTest.java(GadgetsTest.java:103)
</error>
  </testcase>
  <testcase name="kryo" classname="GadgetsTest" time="0">
    <error message="The Security Manager is deprecated and will be removed in a future release" type="java.lang.UnsupportedOperationException">java.lang.UnsupportedOperationException: The Security Manager is deprecated and will be removed in a future release
	at GadgetsTest.runTests(GadgetsTest.java:162)
	at GadgetsTest.kryo(GadgetsTest.java:121)
</error>
  </testcase>
  <testcase name="snakeyaml" classname="GadgetsTest" time="0.001">
    <error message="The Security Manager is deprecated and will be removed in a future release" type="java.lang.UnsupportedOperationException">java.lang.UnsupportedOperationException: The Security Manager is deprecated and will be removed in a future release
	at GadgetsTest.runTests(GadgetsTest.java:162)
	at GadgetsTest.snakeyaml(GadgetsTest.java:145)
</error>
  </testcase>
  <testcase name="jyaml" classname="GadgetsTest" time="0">
    <error message="The Security Manager is deprecated and will be removed in a future release" type="java.lang.UnsupportedOperationException">java.lang.UnsupportedOperationException: The Security Manager is deprecated and will be removed in a future release
	at GadgetsTest.runTests(GadgetsTest.java:162)
	at GadgetsTest.jyaml(GadgetsTest.java:115)
</error>
  </testcase>
  <testcase name="blazeDSAMF3AM" classname="GadgetsTest" time="0.001">
    <error message="The Security Manager is deprecated and will be removed in a future release" type="java.lang.UnsupportedOperationException">java.lang.UnsupportedOperationException: The Security Manager is deprecated and will be removed in a future release
	at GadgetsTest.runTests(GadgetsTest.java:162)
	at GadgetsTest.blazeDSAMF3AM(GadgetsTest.java:67)
</error>
  </testcase>
  <testcase name="blazeDSAMF0" classname="GadgetsTest" time="0">
    <error message="The Security Manager is deprecated and will be removed in a future release" type="java.lang.UnsupportedOperationException">java.lang.UnsupportedOperationException: The Security Manager is deprecated and will be removed in a future release
	at GadgetsTest.runTests(GadgetsTest.java:162)
	at GadgetsTest.blazeDSAMF0(GadgetsTest.java:61)
</error>
  </testcase>
  <testcase name="blazeDSAMF3" classname="GadgetsTest" time="0">
    <error message="The Security Manager is deprecated and will be removed in a future release" type="java.lang.UnsupportedOperationException">java.lang.UnsupportedOperationException: The Security Manager is deprecated and will be removed in a future release
	at GadgetsTest.runTests(GadgetsTest.java:162)
	at GadgetsTest.blazeDSAMF3(GadgetsTest.java:73)
</error>
  </testcase>
  <testcase name="blazeDSAMFX" classname="GadgetsTest" time="0.001">
    <error message="The Security Manager is deprecated and will be removed in a future release" type="java.lang.UnsupportedOperationException">java.lang.UnsupportedOperationException: The Security Manager is deprecated and will be removed in a future release
	at GadgetsTest.runTests(GadgetsTest.java:162)
	at GadgetsTest.blazeDSAMFX(GadgetsTest.java:79)
</error>
  </testcase>
  <testcase name="hessian" classname="GadgetsTest" time="0">
    <error message="The Security Manager is deprecated and will be removed in a future release" type="java.lang.UnsupportedOperationException">java.lang.UnsupportedOperationException: The Security Manager is deprecated and will be removed in a future release
	at GadgetsTest.runTests(GadgetsTest.java:162)
	at GadgetsTest.hessian(GadgetsTest.java:91)
</error>
  </testcase>
</testsuite>